2025-08-23 17:57:15 [main] DEBUG  com.nt.main.SelectTest.main(SelectTest.java:38) - ResultSet object is processsed - 1019 - 
2025-08-23 17:57:15 [main] DEBUG  com.nt.main.SelectTest.main(SelectTest.java:49) - start of finally block - 1038 - 
2025-08-23 17:57:15 [main] DEBUG  com.nt.main.SelectTest.main(SelectTest.java:53) - ResultSet obj is closed - 1039 - 
2025-08-23 17:57:15 [main] DEBUG  com.nt.main.SelectTest.main(SelectTest.java:61) - PreparedStatement obj is closed - 1041 - 
2025-08-23 17:57:15 [main] DEBUG  com.nt.main.SelectTest.main(SelectTest.java:70) - Connection obj is closed - 1042 - 
2025-08-23 17:57:15 [main] DEBUG  com.nt.main.SelectTest.main(SelectTest.java:75) - end of finally block - 1043 - 
2025-08-23 17:57:15 [main] DEBUG  com.nt.main.SelectTest.main(SelectTest.java:77) - end of main(-) method - 1043 - 
2025-08-23 17:57:44 [main] DEBUG  com.nt.main.SelectTest.main(SelectTest.java:19) - start of main(-) method - 490 - 
2025-08-23 17:57:44 [main] INFO   com.nt.main.SelectTest.main(SelectTest.java:26) - Connection is established with DB s/w - 878 - 
2025-08-23 17:57:44 [main] DEBUG  com.nt.main.SelectTest.main(SelectTest.java:29) - PreparedStatement object is created - 950 - 
2025-08-23 17:57:44 [main] INFO   com.nt.main.SelectTest.main(SelectTest.java:32) - ResultSet object is created - 1049 - 
2025-08-23 17:57:44 [main] DEBUG  com.nt.main.SelectTest.main(SelectTest.java:38) - ResultSet object is processsed - 1060 - 
2025-08-23 17:57:44 [main] DEBUG  com.nt.main.SelectTest.main(SelectTest.java:49) - start of finally block - 1060 - 
2025-08-23 17:57:44 [main] DEBUG  com.nt.main.SelectTest.main(SelectTest.java:53) - ResultSet obj is closed - 1060 - 
2025-08-23 17:57:44 [main] DEBUG  com.nt.main.SelectTest.main(SelectTest.java:61) - PreparedStatement obj is closed - 1062 - 
2025-08-23 17:57:44 [main] DEBUG  com.nt.main.SelectTest.main(SelectTest.java:70) - Connection obj is closed - 1063 - 
2025-08-23 17:57:44 [main] DEBUG  com.nt.main.SelectTest.main(SelectTest.java:75) - end of finally block - 1063 - 
2025-08-23 17:57:44 [main] DEBUG  com.nt.main.SelectTest.main(SelectTest.java:77) - end of main(-) method - 1063 - 
2025-08-23 17:57:49 [main] DEBUG  com.nt.main.SelectTest.main(SelectTest.java:19) - start of main(-) method - 479 - 
2025-08-23 17:57:49 [main] INFO   com.nt.main.SelectTest.main(SelectTest.java:26) - Connection is established with DB s/w - 838 - 
2025-08-23 17:57:49 [main] DEBUG  com.nt.main.SelectTest.main(SelectTest.java:29) - PreparedStatement object is created - 911 - 
2025-08-23 17:57:50 [main] INFO   com.nt.main.SelectTest.main(SelectTest.java:32) - ResultSet object is created - 1006 - 
2025-08-23 17:57:50 [main] DEBUG  com.nt.main.SelectTest.main(SelectTest.java:38) - ResultSet object is processsed - 1019 - 
2025-08-23 17:57:50 [main] DEBUG  com.nt.main.SelectTest.main(SelectTest.java:49) - start of finally block - 1019 - 
2025-08-23 17:57:50 [main] DEBUG  com.nt.main.SelectTest.main(SelectTest.java:53) - ResultSet obj is closed - 1019 - 
2025-08-23 17:57:50 [main] DEBUG  com.nt.main.SelectTest.main(SelectTest.java:61) - PreparedStatement obj is closed - 1022 - 
